[35m[Appium][39m Welcome to Appium v1.22.3
[35m[Appium][39m Non-default server args:
[35m[Appium][39m   port: 54984
[35m[Appium][39m   loglevel: info
[35m[Appium][39m   tmpDir: /var/folders/fw/knc0_30j3p3bv6hcfh4pqs2r0000gn/T//Katalon/Appium/Temp1656057501590
[35m[Appium][39m   chromedriverPort: 54985
[35m[Appium][39m Deprecated server args:
[35m[Appium][39m   [31m--chromedriver-port[39m => --default-capabilities
[35m[Appium][39m Default capabilities, which will be added to each request unless overridden by desired capabilities:
[35m[Appium][39m   chromedriverPort: 54985
[35m[Appium][39m Appium REST http interface listener started on 0.0.0.0:54984
[35m[HTTP][39m [37m-->[39m [37mGET[39m [37m/wd/hub/status[39m
[35m[HTTP][39m [90m{}[39m
[35m[HTTP][39m [37m<-- GET /wd/hub/status [39m[32m200[39m [90m6 ms - 68[39m
[35m[HTTP][39m [90m[39m
[35m[HTTP][39m [37m-->[39m [37mGET[39m [37m/wd/hub/status[39m
[35m[HTTP][39m [90m{}[39m
[35m[HTTP][39m [37m<-- GET /wd/hub/status [39m[32m200[39m [90m1 ms - 68[39m
[35m[HTTP][39m [90m[39m
[35m[HTTP][39m [37m-->[39m [37mPOST[39m [37m/wd/hub/session[39m
[35m[HTTP][39m [90m{"desiredCapabilities":{"app":"/Users/atikahfd/Downloads/PS-1.0.0-DEV.apk","noReset":true,"deviceName":"emulator-5554 (sdk_gphone64_arm64 - Android 12)","fullReset":false,"platform":"ANDROID","newCommandTimeout":1800,"platformVersion":"12","automationName":"uiautomator2","autoGrantPermissions":true,"platformName":"Android","udid":"emulator-5554","systemPort":54994},"capabilities":{"firstMatch":[{"appium:app":"/Users/atikahfd/Downloads/PS-1.0.0-DEV.apk","appium:autoGrantPermissions":true,"appium:automationName":"uiautomator2","appium:deviceName":"emulator-5554 (sdk_gphone64_arm64 - Android 12)","appium:fullReset":false,"appium:newCommandTimeout":1800,"appium:noReset":true,"platform":"ANDROID","platformName":"android","appium:platformVersion":"12","appium:systemPort":54994,"appium:udid":"emulator-5554"}]}}[39m
[35m[BaseDriver][39m The following capabilities are not standard capabilities and should have an extension prefix:
[35m[BaseDriver][39m   platform
[35m[BaseDriver][39m   chromedriverPort
[35m[Appium][39m Appium v1.22.3 creating new AndroidUiautomator2Driver (v1.70.1) session
[35m[BaseDriver][39m The following capabilities were provided, but are not recognized by Appium:
[35m[BaseDriver][39m   platform
[35m[BaseDriver][39m Session created with session id: 7526929c-eb60-4ce4-8c54-793d1ac14daf
[35m[BaseDriver][39m Using local app '/Users/atikahfd/Downloads/PS-1.0.0-DEV.apk'
[35m[ADB][39m Found 1 'build-tools' folders under '/Users/atikahfd/.katalon/tools/android_sdk' (newest first):
[35m[ADB][39m     /Users/atikahfd/.katalon/tools/android_sdk/build-tools/29.0.3
[35m[ADB][39m Using 'adb' from '/Users/atikahfd/.katalon/tools/android_sdk/platform-tools/adb'
[35m[AndroidDriver][39m Retrieving device list
[35m[AndroidDriver][39m Using device: emulator-5554
[35m[ADB][39m Using 'adb' from '/Users/atikahfd/.katalon/tools/android_sdk/platform-tools/adb'
[35m[ADB][39m Getting device platform version
[35m[UiAutomator2][39m Relaxing hidden api policy
[35m[ADB][39m Package name: 'id.pijarsekolah.parent'
[35m[ADB][39m Main activity name: 'id.pijarsekolah.parent.MainActivity'
[35m[ADB][39m Using 'apksigner.jar' from '/Users/atikahfd/.katalon/tools/android_sdk/build-tools/29.0.3/lib/apksigner.jar'
[35m[ADB][39m '/opt/homebrew/lib/node_modules/appium/node_modules/appium-uiautomator2-server/apks/appium-uiautomator2-server-v4.27.0.apk' is signed with the default certificate
[35m[ADB][39m '/opt/homebrew/lib/node_modules/appium/node_modules/appium-uiautomator2-server/apks/appium-uiautomator2-server-debug-androidTest.apk' is signed with the default certificate
[35m[UiAutomator2][39m Server packages are not going to be (re)installed
[35m[ADB][39m Adding packages ["io.appium.settings","io.appium.uiautomator2.server","io.appium.uiautomator2.server.test"] to Doze whitelist
[35m[ADB][39m '/Users/atikahfd/Downloads/PS-1.0.0-DEV.apk' is signed with a non-default certificate
[35m[UiAutomator2][39m Starting UIAutomator2 server 4.27.0
[35m[UiAutomator2][39m Using UIAutomator2 server from '/opt/homebrew/lib/node_modules/appium/node_modules/appium-uiautomator2-server/apks/appium-uiautomator2-server-v4.27.0.apk' and test from '/opt/homebrew/lib/node_modules/appium/node_modules/appium-uiautomator2-server/apks/appium-uiautomator2-server-debug-androidTest.apk'
[35m[UiAutomator2][39m Waiting up to 30000ms for UiAutomator2 to be online...
[35m[WD Proxy][39m socket hang up
[35m[WD Proxy][39m socket hang up
[35m[WD Proxy][39m Determined the downstream protocol as 'W3C'
[35m[AndroidDriver][39m Screen already unlocked, doing nothing
[35m[UiAutomator2][39m Starting 'id.pijarsekolah.parent/id.pijarsekolah.parent.MainActivity and waiting for 'id.pijarsekolah.parent/id.pijarsekolah.parent.MainActivity'
[35m[Appium][39m New AndroidUiautomator2Driver session created successfully, session 7526929c-eb60-4ce4-8c54-793d1ac14daf added to master session list
[35m[HTTP][39m [37m<-- POST /wd/hub/session [39m[32m200[39m [90m9292 ms - 1275[39m
[35m[HTTP][39m [90m[39m
[35m[HTTP][39m [37m-->[39m [37mGET[39m [37m/wd/hub/session/7526929c-eb60-4ce4-8c54-793d1ac14daf[39m
[35m[HTTP][39m [90m{}[39m
[35m[HTTP][39m [37m<-- GET /wd/hub/session/7526929c-eb60-4ce4-8c54-793d1ac14daf [39m[32m200[39m [90m7 ms - 1229[39m
[35m[HTTP][39m [90m[39m
[35m[HTTP][39m [37m-->[39m [37mGET[39m [37m/wd/hub/session/7526929c-eb60-4ce4-8c54-793d1ac14daf[39m
[35m[HTTP][39m [90m{}[39m
[35m[HTTP][39m [37m<-- GET /wd/hub/session/7526929c-eb60-4ce4-8c54-793d1ac14daf [39m[32m200[39m [90m5 ms - 1229[39m
[35m[HTTP][39m [90m[39m
[35m[HTTP][39m [37m-->[39m [37mGET[39m [37m/wd/hub/status[39m
[35m[HTTP][39m [90m{}[39m
[35m[HTTP][39m [37m<-- GET /wd/hub/status [39m[32m200[39m [90m0 ms - 68[39m
[35m[HTTP][39m [90m[39m
[35m[HTTP][39m [37m-->[39m [37mPOST[39m [37m/wd/hub/session/7526929c-eb60-4ce4-8c54-793d1ac14daf/timeouts[39m
[35m[HTTP][39m [90m{"implicit":60000}[39m
[35m[HTTP][39m [37m<-- POST /wd/hub/session/7526929c-eb60-4ce4-8c54-793d1ac14daf/timeouts [39m[32m200[39m [90m1 ms - 14[39m
[35m[HTTP][39m [90m[39m
[35m[HTTP][39m [37m-->[39m [37mGET[39m [37m/wd/hub/session/7526929c-eb60-4ce4-8c54-793d1ac14daf/source[39m
[35m[HTTP][39m [90m{}[39m
[35m[W3C (7526929c)][39m Driver proxy active, passing request on via HTTP proxy
[35m[WD Proxy][3[35m[BaseDriver][39m Shutting down because we waited 1800 seconds for a command
[35m[Appium][39m Closing session, cause was 'New Command Timeout of 1800 seconds expired. Try customizing the timeout using the 'newCommandTimeout' desired capability'
[35m[Appium][39m Removing session '94a550c0-6fbd-460c-a784-2c4794f61686' from our master session list
[35m[UiAutomator2][39m Did not get confirmation UiAutomator2 deleteSession worked; Error was: UnknownError: An unknown server-side error occurred while processing the command. Original error: 'DELETE /' cannot be proxied to UiAutomator2 server because the instrumentation process is not running (probably crashed). Check the server log and/or the logcat output for more details
[35m[UiAutomator2][39m Restoring hidden api policy to the device default configuration
Replacing sessionId d643469b-b21e-40e9-ab5a-b91d7cfe985a with 7526929c-eb60-4ce4-8c54-793d1ac14daf
[35m[HTTP][39m [37m<-- GET /wd/hub/session/7526929c-eb60-4ce4-8c54-793d1ac14daf/source [39m[32m200[39m [90m52 ms - 15978[39m
[35m[HTTP][39m [90m[39m
[35m[HTTP][39m [37m-->[39m [37mGET[39m [37m/wd/hub/session/7526929c-eb60-4ce4-8c54-793d1ac14daf/screenshot[39m
[35m[HTTP][39m [90m{}[39m
[35m[HTTP][39m [37m<-- GET /wd/hub/session/7526929c-eb60-4ce4-8c54-793d1ac14daf/screenshot [39m[32m200[39m [90m441 ms - 1198832[39m
[35m[HTTP][39m [90m[39m
[35m[HTTP][39m [37m-->[39m [37mGET[39m [37m/wd/hub/session/7526929c-eb60-4ce4-8c54-793d1ac14daf/source[39m
[35m[HTTP][39m [90m{}[39m
[35m[W3C (7526929c)][39m Driver proxy active, passing request on via HTTP proxy
[35m[WD Proxy][39m Replacing sessionId d643469b-b21e-40e9-ab5a-b91d7cfe985a with 7526929c-eb60-4ce4-8c54-793d1ac14daf
[35m[HTTP][39m [37m<-- GET /wd/hub/session/7526929c-eb60-4ce4-8c54-793d1ac14daf/source [39m[32m200[39m [90m56 ms - 22144[39m
[35m[HTTP][39m [90m[39m
[35m[HTTP][39m [37m-->[39m [37mGET[39m [37m/wd/hub/session/7526929c-eb60-4ce4-8c54-793d1ac14daf/screenshot[39m
[35m[HTTP][39m [90m{}[39m
[35m[HTTP][39m [37m<-- GET /wd/hub/session/7526929c-eb60-4ce4-8c54-793d1ac14daf/screenshot [39m[32m200[39m [90m469 ms - 1350440[39m
[35m[HTTP][39m [90m[39m
[35m[HTTP][39m [37m-->[39m [37mDELETE[39m [37m/wd/hub/session/7526929c-eb60-4ce4-8c54-793d1ac14daf[39m
[35m[HTTP][39m [90m{}[39m
[35m[Appium][39m Removing session 7526929c-eb60-4ce4-8c54-793d1ac14daf from our master session list
[35m[UiAutomator2][39m Restoring hidden api policy to the device default configuration
[35m[HTTP][39m [37m<-- DELETE /wd/hub/session/7526929c-eb60-4ce4-8c54-793d1ac14daf [39m[32m200[39m [90m228 ms - 14[39m
[35m[HTTP][39m [90m[39m
